<?xml version="1.0" encoding="UTF-8"?>
<!-- Generated by org.testng.reporters.JUnitXMLReporter -->
<testsuite ignored="0" hostname="Pact-PC" failures="4" tests="6" name="SignInTest" time="3.835" errors="0" timestamp="2023-01-22T01:38:14 GMT+03:00">
  <testcase classname="homework_ses13_Exercise2.TestSignIn" name="Navigate" time="1.268"/>
  <testcase classname="homework_ses13_Exercise2.TestSignIn" name="Login" time="0.002">
    <failure type="java.lang.Error" message="Unresolved compilation problem: 
	Syntax error, insert &amp;quot;}&amp;quot; to complete Block
">
      <![CDATA[java.lang.Error: Unresolved compilation problem: 
Syntax error, insert "}" to complete Block

at homework_ses13_Exercise2.TestSignIn.Login(TestSignIn.java:100)
at java.base/java.util.ArrayList.forEach(ArrayList.java:1511)
... Removed 25 stack frames]]>
    </failure>
  </testcase> <!-- Login -->
  <testcase classname="homework_ses13_Exercise2.TestSignIn" name="Login" time="0.001">
    <failure type="java.lang.Error" message="Unresolved compilation problem: 
	Syntax error, insert &amp;quot;}&amp;quot; to complete Block
">
      <![CDATA[java.lang.Error: Unresolved compilation problem: 
Syntax error, insert "}" to complete Block

at homework_ses13_Exercise2.TestSignIn.Login(TestSignIn.java:100)
at java.base/java.util.ArrayList.forEach(ArrayList.java:1511)
... Removed 25 stack frames]]>
    </failure>
  </testcase> <!-- Login -->
  <testcase classname="homework_ses13_Exercise2.TestSignIn" name="Login" time="0.0">
    <failure type="java.lang.Error" message="Unresolved compilation problem: 
	Syntax error, insert &amp;quot;}&amp;quot; to complete Block
">
      <![CDATA[java.lang.Error: Unresolved compilation problem: 
Syntax error, insert "}" to complete Block

at homework_ses13_Exercise2.TestSignIn.Login(TestSignIn.java:100)
at java.base/java.util.ArrayList.forEach(ArrayList.java:1511)
... Removed 25 stack frames]]>
    </failure>
  </testcase> <!-- Login -->
  <testcase classname="homework_ses13_Exercise2.TestSignIn" name="Login" time="0.001">
    <failure type="java.lang.Error" message="Unresolved compilation problem: 
	Syntax error, insert &amp;quot;}&amp;quot; to complete Block
">
      <![CDATA[java.lang.Error: Unresolved compilation problem: 
Syntax error, insert "}" to complete Block

at homework_ses13_Exercise2.TestSignIn.Login(TestSignIn.java:100)
at java.base/java.util.ArrayList.forEach(ArrayList.java:1511)
... Removed 25 stack frames]]>
    </failure>
  </testcase> <!-- Login -->
  <testcase classname="homework_ses13_Exercise2.TestSignIn" name="LogOut" time="0.0">
    <skipped/>
  </testcase> <!-- LogOut -->
</testsuite> <!-- SignInTest -->
